Added Component: Designator=C1(C1210)
Added Component: Designator=C2(C1210)
Added Component: Designator=C3(C1210)
Added Component: Designator=C4(C1210)
Added Component: Designator=C5(C1210)
Added Component: Designator=C6(C1210)
Added Component: Designator=C?(HDR3)
Added Component: Designator=C?(HDR3)
Added Component: Designator=CCS811(Header8)
Added Component: Designator=DHT?(DHT22)
Added Component: Designator=DIO?(DIO-SMD-106)
Added Component: Designator=HD?(Hed2X5)
Added Component: Designator=IC1(SOT223-4N)
Added Component: Designator=IC2(SOT223-4N)
Added Component: Designator=JDC(DC0)
Added Component: Designator=LoRa(Header7)
Added Component: Designator=PR?(LED-5-WHITE)
Added Component: Designator=R1(SM-RES-1206)
Added Component: Designator=R2(SM-RES-1206)
Added Component: Designator=R3(SM-RES-1206)
Added Component: Designator=R4(RM-1206)
Added Component: Designator=SW1(SW1-SMD)
Added Component: Designator=U1(DIP28)
Added Component: Designator=Y?(XTAL)
Added Pin To Net: NetName=3.3V Pin=C3-2
Added Pin To Net: NetName=3.3V Pin=CCS811-1
Added Pin To Net: NetName=3.3V Pin=IC2-2
Added Pin To Net: NetName=3.3V Pin=LoRa-6
Added Net: Name=3.3V
Added Pin To Net: NetName=9V-12V Pin=DIO?-2
Added Pin To Net: NetName=9V-12V Pin=IC1-3
Added Net: Name=9V-12V
Added Pin To Net: NetName=ADC1 Pin=C?-1
Added Pin To Net: NetName=ADC1 Pin=U1-24
Added Net: Name=ADC1
Added Pin To Net: NetName=ADC Pin=C6-1
Added Pin To Net: NetName=ADC Pin=PR?-1
Added Pin To Net: NetName=ADC Pin=R4-1
Added Pin To Net: NetName=ADC Pin=U1-23
Added Net: Name=ADC
Added Pin To Net: NetName=AUX Pin=LoRa-5
Added Pin To Net: NetName=AUX Pin=R3-1
Added Pin To Net: NetName=AUX Pin=U1-13
Added Net: Name=AUX
Added Pin To Net: NetName=DATA1 Pin=C?-3
Added Pin To Net: NetName=DATA1 Pin=U1-6
Added Net: Name=DATA1
Added Pin To Net: NetName=DATA Pin=DHT?-2
Added Pin To Net: NetName=DATA Pin=U1-5
Added Net: Name=DATA
Added Pin To Net: NetName=GND Pin=C1-1
Added Pin To Net: NetName=GND Pin=C2-1
Added Pin To Net: NetName=GND Pin=C3-1
Added Pin To Net: NetName=GND Pin=C4-1
Added Pin To Net: NetName=GND Pin=C5-1
Added Pin To Net: NetName=GND Pin=C6-2
Added Pin To Net: NetName=GND Pin=C?-1
Added Pin To Net: NetName=GND Pin=C?-2
Added Pin To Net: NetName=GND Pin=CCS811-2
Added Pin To Net: NetName=GND Pin=CCS811-5
Added Pin To Net: NetName=GND Pin=DHT?-4
Added Pin To Net: NetName=GND Pin=HD?-7
Added Pin To Net: NetName=GND Pin=HD?-8
Added Pin To Net: NetName=GND Pin=HD?-9
Added Pin To Net: NetName=GND Pin=HD?-10
Added Pin To Net: NetName=GND Pin=IC1-1
Added Pin To Net: NetName=GND Pin=IC2-1
Added Pin To Net: NetName=GND Pin=JDC-2
Added Pin To Net: NetName=GND Pin=LoRa-7
Added Pin To Net: NetName=GND Pin=R4-2
Added Pin To Net: NetName=GND Pin=U1-8
Added Pin To Net: NetName=GND Pin=U1-22
Added Net: Name=GND
Added Pin To Net: NetName=M0 Pin=LoRa-1
Added Net: Name=M0
Added Pin To Net: NetName=M1 Pin=LoRa-2
Added Pin To Net: NetName=M1 Pin=U1-12
Added Net: Name=M1
Added Pin To Net: NetName=MISO Pin=HD?-5
Added Pin To Net: NetName=MISO Pin=U1-18
Added Net: Name=MISO
Added Pin To Net: NetName=MOSI Pin=HD?-1
Added Pin To Net: NetName=MOSI Pin=U1-17
Added Net: Name=MOSI
Added Pin To Net: NetName=MO Pin=U1-11
Added Net: Name=MO
Added Pin To Net: NetName=NetDIO?_1 Pin=DIO?-1
Added Pin To Net: NetName=NetDIO?_1 Pin=JDC-1
Added Net: Name=NetDIO?_1
Added Pin To Net: NetName=RESET Pin=R1-1
Added Pin To Net: NetName=RESET Pin=U1-1
Added Net: Name=RESET
Added Pin To Net: NetName=RST Pin=HD?-3
Added Net: Name=RST
Added Pin To Net: NetName=RXD Pin=LoRa-4
Added Pin To Net: NetName=RXD Pin=R2-1
Added Pin To Net: NetName=RXD Pin=U1-2
Added Net: Name=RXD
Added Pin To Net: NetName=SCK Pin=HD?-4
Added Pin To Net: NetName=SCK Pin=U1-19
Added Net: Name=SCK
Added Pin To Net: NetName=SCL Pin=CCS811-4
Added Pin To Net: NetName=SCL Pin=U1-28
Added Net: Name=SCL
Added Pin To Net: NetName=SDA Pin=CCS811-3
Added Pin To Net: NetName=SDA Pin=U1-27
Added Net: Name=SDA
Added Pin To Net: NetName=TXD Pin=LoRa-3
Added Pin To Net: NetName=TXD Pin=U1-3
Added Net: Name=TXD
Added Pin To Net: NetName=VCC Pin=C1-2
Added Pin To Net: NetName=VCC Pin=C2-2
Added Pin To Net: NetName=VCC Pin=C?-2
Added Pin To Net: NetName=VCC Pin=C?-3
Added Pin To Net: NetName=VCC Pin=DHT?-1
Added Pin To Net: NetName=VCC Pin=HD?-6
Added Pin To Net: NetName=VCC Pin=IC1-2
Added Pin To Net: NetName=VCC Pin=IC2-3
Added Pin To Net: NetName=VCC Pin=PR?-2
Added Pin To Net: NetName=VCC Pin=R1-2
Added Pin To Net: NetName=VCC Pin=R2-2
Added Pin To Net: NetName=VCC Pin=R3-2
Added Pin To Net: NetName=VCC Pin=U1-7
Added Net: Name=VCC
Added Pin To Net: NetName=XTAL1 Pin=C4-2
Added Pin To Net: NetName=XTAL1 Pin=U1-9
Added Pin To Net: NetName=XTAL1 Pin=Y?-2
Added Net: Name=XTAL1
Added Pin To Net: NetName=XTAL2 Pin=C5-2
Added Pin To Net: NetName=XTAL2 Pin=U1-10
Added Pin To Net: NetName=XTAL2 Pin=Y?-1
Added Net: Name=XTAL2
Added Class: Name=NodeSensor
